2018-06-18 15:18:06,153 INFO  [Log] Test Scenario Configuration started 
2018-06-18 15:18:06,172 INFO  [Log] Initialing HTML reporting 
2018-06-18 15:18:06,180 INFO  [Log] Initialing HTML reporting 
2018-06-18 15:18:06,574 INFO  [Log] Starting Test Suit Execution 
2018-06-18 15:18:06,583 INFO  [Log] Starting Test Suit Execution 
2018-06-18 15:18:07,152 INFO  [Log] Quiting all instance of Browser(Firefox) 
2018-06-18 15:18:07,161 INFO  [Log] Quiting all instance of Browser(Firefox) 
2018-06-18 15:18:07,258 INFO  [Log] Quiting all instance of Browser(Chrome) 
2018-06-18 15:18:07,279 INFO  [Log] Quiting all instance of Browser(Chrome) 
2018-06-18 15:18:07,397 INFO  [Log] Quiting all instance of Browser(Internet explorer) 
2018-06-18 15:18:07,442 INFO  [Log] Quiting all instance of Browser(Internet explorer) 
2018-06-18 15:18:08,784 INFO  [Log] Object repository is created successfully 
2018-06-18 15:18:08,890 INFO  [Log] Object repository is created successfully 
2018-06-18 15:18:09,103 INFO  [Log] Fetch DSP from Sales Force_Blank 
2018-06-18 15:18:09,377 INFO  [Log] Fetch DSP from Sales Force_Blank 
2018-06-18 15:18:09,419 INFO  [Log] **************************************************************************************** 
2018-06-18 15:18:09,419 INFO  [Log] $$$$$$$$$$$$$$$$$$$$$                 #### Executing Test case: Simple_Login; Description: Blank For Data: 1       $$$$$$$$$$$$$$$$$$$$$$$$$ 
2018-06-18 15:18:09,419 INFO  [Log] **************************************************************************************** 
2018-06-18 15:18:09,613 INFO  [Log] **************************************************************************************** 
2018-06-18 15:18:09,614 INFO  [Log] $$$$$$$$$$$$$$$$$$$$$                 #### Executing Test case: Simple_Login; Description: Blank For Data: 1       $$$$$$$$$$$$$$$$$$$$$$$$$ 
2018-06-18 15:18:09,614 INFO  [Log] **************************************************************************************** 
2018-06-18 15:18:17,207 INFO  [Log] #### Executing Test case: Simple_Login; Description: Blank In Chrome Browser for TestData:1 
2018-06-18 15:18:17,214 INFO  [Log] #### Executing Test case: Simple_Login; Description: Blank In Chrome Browser for TestData:1 
2018-06-18 15:18:23,904 INFO  [Log] TS_01: Open url; Action: open URL 
2018-06-18 15:18:24,002 INFO  [Log] TS_01: Open url; Action: open URL 
2018-06-18 15:18:24,285 INFO  [Log] TS_02: Enter username; Action: Submitted Value: Value: test.auto@epdc.ecom 
2018-06-18 15:18:24,382 INFO  [Log] TS_02: Enter username; Action: Submitted Value: Value: test.auto@epdc.ecom 
2018-06-18 15:18:24,617 INFO  [Log] TS_03: Enter Password; Action: Submitted Value: Value: test@1234 
2018-06-18 15:18:24,617 INFO  [Log] TS_04; Waited 1000 Milli seconds for Element 
2018-06-18 15:18:24,700 INFO  [Log] TS_03: Enter Password; Action: Submitted Value: Value: test@1234 
2018-06-18 15:18:24,701 INFO  [Log] TS_04; Waited 1000 Milli seconds for Element 
2018-06-18 15:18:27,044 INFO  [Log] TS_05: Click on login button 
2018-06-18 15:18:27,045 INFO  [Log] TS_06; Waited 10000 Milli seconds for Element 
2018-06-18 15:18:27,445 INFO  [Log] TS_05: Click on login button 
2018-06-18 15:18:27,445 INFO  [Log] TS_06; Waited 10000 Milli seconds for Element 
2018-06-18 15:18:40,274 INFO  [Log] TS_07: Click on the Upload Order link 
2018-06-18 15:18:40,274 INFO  [Log] TS_08; Waited 10000 Milli seconds for Element 
2018-06-18 15:18:40,358 INFO  [Log] TS_07: Click on the Upload Order link 
2018-06-18 15:18:40,358 INFO  [Log] TS_08; Waited 10000 Milli seconds for Element 
2018-06-18 15:18:50,363 INFO  [Log] TS_09: Click on the Upload Order button 
2018-06-18 15:18:50,363 INFO  [Log] TS_10; Waited 10000 Milli seconds for Element 
2018-06-18 15:18:50,455 INFO  [Log] TS_09: Click on the Upload Order button 
2018-06-18 15:18:50,456 INFO  [Log] TS_10; Waited 10000 Milli seconds for Element 
2018-06-18 15:19:00,405 INFO  [Log] PE-668TS_11XpathWindowPopSubmitValue  org.openqa.selenium.WebDriverException: unknown error: cannot focus element
  (Session info: chrome=64.0.3282.140)
  (Driver info: chromedriver=2.37.544315 (730aa6a5fdba159ac9f4c1e8cbc59bf1b5ce12b7),platform=Windows NT 10.0.16299 x86_64) (WARNING: The server did not provide any stacktrace information)
Command duration or timeout: 34 milliseconds
Build info: version: '3.4.0', revision: 'unknown', time: 'unknown'
System info: host: 'AMIT-SINGH-LP', ip: '192.168.2.226', os.name: 'Windows 10', os.arch: 'amd64', os.version: '10.0', java.version: '1.8.0_144'
Driver info: org.openqa.selenium.chrome.ChromeDriver
Capabilities [{applicationCacheEnabled=false, rotatable=false, mobileEmulationEnabled=false, networkConnectionEnabled=false, chrome={chromedriverVersion=2.37.544315 (730aa6a5fdba159ac9f4c1e8cbc59bf1b5ce12b7), userDataDir=C:\Users\AMIT~1.SIN\AppData\Local\Temp\scoped_dir6432_21989}, takesHeapSnapshot=true, pageLoadStrategy=normal, databaseEnabled=false, handlesAlerts=true, hasTouchScreen=false, version=64.0.3282.140, platform=XP, browserConnectionEnabled=false, nativeEvents=true, acceptSslCerts=false, acceptInsecureCerts=false, locationContextEnabled=true, webStorageEnabled=true, browserName=chrome, takesScreenshot=true, javascriptEnabled=true, cssSelectorsEnabled=true, setWindowRect=true, unexpectedAlertBehaviour=}]
Session ID: 73260b83b5a70d54798a895878c26c80null:Exception is not handled 
2018-06-18 15:19:00,816 INFO  [Log] TS_12; Waited 10000 Milli seconds for Element 
2018-06-18 15:19:01,158 WARN  [Log]  Browser instance is active 
2018-06-18 15:19:02,069 INFO  [Log] Quiting all instance of Browser(Firefox) 
2018-06-18 15:19:02,175 INFO  [Log] Quiting all instance of Browser(Chrome) 
2018-06-18 15:19:02,270 INFO  [Log] Quiting all instance of Browser(Internet explorer) 
2018-06-18 15:19:02,270 INFO  [Log] XXXXXXXXXXXXXXXXXXXXXXX             -E---N---D Test Case             XXXXXXXXXXXXXXXXXXXXXX 
2018-06-18 15:19:02,270 FATAL [Log] PE-668TS_11XpathWindowPopSubmitValue  org.openqa.selenium.WebDriverException: unknown error: cannot focus element
  (Session info: chrome=64.0.3282.140)
  (Driver info: chromedriver=2.37.544315 (730aa6a5fdba159ac9f4c1e8cbc59bf1b5ce12b7),platform=Windows NT 10.0.16299 x86_64) (WARNING: The server did not provide any stacktrace information)
Command duration or timeout: 34 milliseconds
Build info: version: '3.4.0', revision: 'unknown', time: 'unknown'
System info: host: 'AMIT-SINGH-LP', ip: '192.168.2.226', os.name: 'Windows 10', os.arch: 'amd64', os.version: '10.0', java.version: '1.8.0_144'
Driver info: org.openqa.selenium.chrome.ChromeDriver
Capabilities [{applicationCacheEnabled=false, rotatable=false, mobileEmulationEnabled=false, networkConnectionEnabled=false, chrome={chromedriverVersion=2.37.544315 (730aa6a5fdba159ac9f4c1e8cbc59bf1b5ce12b7), userDataDir=C:\Users\AMIT~1.SIN\AppData\Local\Temp\scoped_dir6432_21989}, takesHeapSnapshot=true, pageLoadStrategy=normal, databaseEnabled=false, handlesAlerts=true, hasTouchScreen=false, version=64.0.3282.140, platform=XP, browserConnectionEnabled=false, nativeEvents=true, acceptSslCerts=false, acceptInsecureCerts=false, locationContextEnabled=true, webStorageEnabled=true, browserName=chrome, takesScreenshot=true, javascriptEnabled=true, cssSelectorsEnabled=true, setWindowRect=true, unexpectedAlertBehaviour=}]
Session ID: 73260b83b5a70d54798a895878c26c80null:Exception is not handled 
2018-06-18 15:19:02,270 INFO  [Log] XXXXXXXXXXXXXXXXXXXXXXX             -E---N---D Test Case             XXXXXXXXXXXXXXXXXXXXXX 
2018-06-18 15:19:02,387 INFO  [Log] PE-658_PO_Field_Incorrect_Validation_Character_Limit_Blank 
2018-06-18 15:19:02,435 INFO  [Log] fetch_dsp_CA_Restricted_Blank 
2018-06-18 15:19:02,466 INFO  [Log] Creating Logs backup and storing for further reference 
