2018-05-24 12:30:04,869 INFO  [Log] Test Scenario Configuration started 
2018-05-24 12:30:04,888 INFO  [Log] Initialing HTML reporting 
2018-05-24 12:30:05,148 INFO  [Log] Starting Test Suit Execution 
2018-05-24 12:30:05,610 INFO  [Log] Quiting all instance of Browser(Firefox) 
2018-05-24 12:30:05,683 INFO  [Log] Quiting all instance of Browser(Chrome) 
2018-05-24 12:30:05,757 INFO  [Log] Quiting all instance of Browser(Internet explorer) 
2018-05-24 12:30:06,396 INFO  [Log] Object repository is created successfully 
2018-05-24 12:30:06,485 INFO  [Log] Fetch DSP from Sales Force_Blank 
2018-05-24 12:30:06,585 INFO  [Log] **************************************************************************************** 
2018-05-24 12:30:06,585 INFO  [Log] $$$$$$$$$$$$$$$$$$$$$                 #### Executing Test case: E2E_normal_shipping -CC; Description: Blank For Data: 1       $$$$$$$$$$$$$$$$$$$$$$$$$ 
2018-05-24 12:30:06,585 INFO  [Log] **************************************************************************************** 
2018-05-24 12:30:14,164 INFO  [Log] #### Executing Test case: E2E_normal_shipping -CC; Description: Blank In Firefox Browser for TestData:1 
2018-05-24 12:30:23,633 INFO  [Log] TS_01: Open url; Action: open URL 
2018-05-24 12:30:23,831 INFO  [Log] TS_02: Enter username; Action: Submitted Value: Value: null 
2018-05-24 12:30:23,919 INFO  [Log] TS_03: Enter Password; Action: Submitted Value: Value: null 
2018-05-24 12:30:23,920 INFO  [Log] TS_04; Waited 1000 Milli seconds for Element 
2018-05-24 12:30:25,058 INFO  [Log] TS_05: Click on login button 
2018-05-24 12:30:25,058 INFO  [Log] TS_06; Waited 10000 Milli seconds for Element 
2018-05-24 12:30:35,229 INFO  [Log] TS_07: Input part number in the search field from the main menu; Action: Submitted Value: Value: XK5204707QP 
2018-05-24 12:30:35,328 INFO  [Log] TS_08: Click on the Search icon 
2018-05-24 12:30:35,328 INFO  [Log] TS_09; Waited 20000 Milli seconds for Element 
2018-05-24 12:30:55,440 INFO  [Log] E2ETS_10ObjectRepScrollToElement  org.openqa.selenium.JavascriptException: TypeError: arguments[0] is null
Build info: version: '3.4.0', revision: 'unknown', time: 'unknown'
System info: host: 'AMIT-SINGH-LP', ip: '10.20.13.65', os.name: 'Windows 10', os.arch: 'amd64', os.version: '10.0', java.version: '1.8.0_144'
Driver info: org.openqa.selenium.firefox.FirefoxDriver
Capabilities [{rotatable=false, raisesAccessibilityExceptions=false, appBuildId=20160726073904, version=48.0, platform=XP, proxy=Proxy(), command_id=1.0, specificationLevel=0.0, acceptSslCerts=false, browserVersion=48.0, platformVersion=10.0, XULappId={ec8030f7-c20a-464f-9b0e-13a3a9e97384}, browserName=Firefox, takesScreenshot=true, takesElementScreenshot=true, javascriptEnabled=true, platformName=Windows_NT, device=desktop}]
Session ID: e6b6fabe-91f7-459d-a100-7e5bd640755dnull:Exception is not handled 
2018-05-24 12:30:56,022 WARN  [Log]  Browser instance is active 
2018-05-24 12:30:56,044 FATAL [Log] Error in quiting all the browser instanceorg.openqa.selenium.WebDriverException: Failed to interpret value as array
Build info: version: '3.4.0', revision: 'unknown', time: 'unknown'
System info: host: 'AMIT-SINGH-LP', ip: '10.20.13.65', os.name: 'Windows 10', os.arch: 'amd64', os.version: '10.0', java.version: '1.8.0_144'
Driver info: org.openqa.selenium.firefox.FirefoxDriver
Capabilities [{rotatable=false, raisesAccessibilityExceptions=false, appBuildId=20160726073904, version=48.0, platform=XP, proxy=Proxy(), command_id=1.0, specificationLevel=0.0, acceptSslCerts=false, browserVersion=48.0, platformVersion=10.0, XULappId={ec8030f7-c20a-464f-9b0e-13a3a9e97384}, browserName=Firefox, takesScreenshot=true, takesElementScreenshot=true, javascriptEnabled=true, platformName=Windows_NT, device=desktop}]
Session ID: e6b6fabe-91f7-459d-a100-7e5bd640755d 
2018-05-24 12:30:56,045 INFO  [Log] XXXXXXXXXXXXXXXXXXXXXXX             -E---N---D Test Case             XXXXXXXXXXXXXXXXXXXXXX 
2018-05-24 12:30:56,045 FATAL [Log] E2ETS_10ObjectRepScrollToElement  org.openqa.selenium.JavascriptException: TypeError: arguments[0] is null
Build info: version: '3.4.0', revision: 'unknown', time: 'unknown'
System info: host: 'AMIT-SINGH-LP', ip: '10.20.13.65', os.name: 'Windows 10', os.arch: 'amd64', os.version: '10.0', java.version: '1.8.0_144'
Driver info: org.openqa.selenium.firefox.FirefoxDriver
Capabilities [{rotatable=false, raisesAccessibilityExceptions=false, appBuildId=20160726073904, version=48.0, platform=XP, proxy=Proxy(), command_id=1.0, specificationLevel=0.0, acceptSslCerts=false, browserVersion=48.0, platformVersion=10.0, XULappId={ec8030f7-c20a-464f-9b0e-13a3a9e97384}, browserName=Firefox, takesScreenshot=true, takesElementScreenshot=true, javascriptEnabled=true, platformName=Windows_NT, device=desktop}]
Session ID: e6b6fabe-91f7-459d-a100-7e5bd640755dnull:Exception is not handled 
2018-05-24 12:30:56,045 INFO  [Log] XXXXXXXXXXXXXXXXXXXXXXX             -E---N---D Test Case             XXXXXXXXXXXXXXXXXXXXXX 
2018-05-24 12:30:56,258 INFO  [Log] PE-685_Blank 
2018-05-24 12:30:56,301 INFO  [Log] Creating Logs backup and storing for further reference 
